[  0.000 Iitiazi cgrp bss cpet
[   00000] itlizingcgup subss u
[  000000Inialinggrup ssycpuat    0.00] Lix rsio4.0-19enic (buddcy01-ad601) (g vsion 5.4.001609 butu 5.0ubuntu1~.0.9) #1-UbuntSM Monpr2 16:0:2UT 2018 (unu 4.0-9.43-gener 4.411)[    0000] Comndine: BOTMAE=/bt/linuz-.4-19-gerirot=LAL=oudi-rtf ro nse=tt csoe=tt0[  00000] KERNL ppord us
[    000000]   ntl nuneInl[    0.000]   MDutentiAM
[   0.000   Centaur CnturHas[   .0000] x/f: xsteffet[2: 576, xtateiz[2]: 2
    0.0000 x6/fp SportingSA featue 01 '7 oatingoint registers'
[    0.000000] x86/fpu: Supporting XSAVE feature 0x02: 'SSE registers'
[    0.000000] x86/fpu: Supporting XSAVE feature 0x04: 'AVX registers'
[    0.000000] x86/fpu: Enabled xstate features 0x7, context size is 832 bytes, using 'standard' format.
[    0.000000] x86/fpu: Using 'lazy' FPU context switches.
[    0.000000] e820: BOSroidedhyca R m:
[  0.00000] BIOS820: [memx00000000000-0x000000fb] sabl
[  0.00] BI-e20 [em0x00000009fc-0000000009fff] seed
  0.0000 BS-e8: [mem0x000000000000-000000000ffff] reserved
[   000000] BIOe80: [mem 00000001000-0x00007ffeffusable
[    0.00000]BIS-e20: [m 0000000fff000x0000007fffff]CP data[   0.0000BIOS-e0:mem x000000fec0000x000000c0fff]esved   0.000 BIOe8: mem 0x0000fee000x00000f00ff rered[   0.000] IOS-e8: em 0x000000ffc0000x00000fffff] rered
[  00000] NX (ecute Diabl) prtection: active
[    0.000000] SMBIOS 2.5 present.
[    0.000000Hyrvis deced: M[    0.00000] 20lat_n 0xfff0 mx_chpfn = 0x000000
[  0.0000MTRRDibled[  0.000 x86ATMTRs disabedskpping PAT iniaizatioto
[   0.0000] CPMTs al blank- vrtualize ste.
[   .00000x8PA: Configation [07]WB    - UC  WB W U- UC 
[  000000] fou SMPP-ble  [m x000ff0x0009fff] ppedt fff8009ff0]
[  0.0000] cain1 re f lowemoy coruption[   0000 RAMDIK:mem 0x3aa000x3749fff]
   0.0000]CPI:ar tble ecum vifaton dabd
[  00000] PIRSDPx00000000000000024v02 VBOX  
   0000] AI:SD 0000007FF030 00003C v01 VBOX   VXXT 000001SL  0061)
[    0.0000] PIFAP 0x00007F00 000F4v0VBOX VXFCP 0001 AS 00061)   0.000 ACP: DT0x0000007F0470 01F(v02BO  VBOXBIOS 00000IN 2010028)
   0.00000ACI: FACS 0x0000000FF20 0000[   .000] ACI:AC 0x00007FF02 00040[   0.000000]CP APIC 0x000000FF240000 (2 VBOX  VBAPIC00001 L 000061
[  0.0000] CPI:SD 0x00000FFF02A0 01C (v01BO   VBOCPT 0000002 TL201052)
[   0.0000No NUMA confguratin un
[    00000] ki anodet em 0x00000000000x000007ffff][  0.000000] NOD_DTA) located [mem 0x7ffb000-7feffff]
[    0.000000] kvm-clock: Using msrs 4b564d01 and 4b564d00
[    0.000000] kvm-clock: cpu 0, msr 0:7ffe3001, primary cpu clock
[    0.000000] kvm-clock: using sched offset of 2964915963 cycles
[    0.000000] clocksource: kvm-clock: mask: 0xffffffffffffffff max_cycles: 0x1cd42e4dffb, max_idle_ns: 881590591483 ns
[    .0000] Zoe ngs:  0.0000  DM   [em 000000000000x00000000ffffff
[  0.000] DMA32  mem x000000100-0x00000ffeff]
[  0.0000  rmal   emp
[    0.000]   Deic  empty
[   0.0000 Movleone srtoreach no
   0.0000]Early emry noe ranges
[  00000]   de  0:[m 0000000001000-x0000000ef]
[  00000]  od  0: [mem 0x0000000000x00000feff
[   000000] Itm set ne  [me0x0000001000-000007ffeff][    0.00000 ACP PTier IO or 04008
  0.000000IOPIC[]:pi_id  vsion2,ddess xf0000, I 23
[    0.000000] AI:NTSRC_OVR (s 0 bus_rq 0 globl_i 2fl dl)
[   .000000] ACPI: IT_C_VR (us 0 b_irq gba_irq 9loleel)
[   .00000Usg AC (DT) foSMconfigatn infoatn
[   .0000] spbt:Allin2 CPUs0 tpluCP
[   0.000] PMRegistered osave memory: [mem  0x0000000-0000ff
   0.0000] : Reistered save mor [me0x09f000-00ffff
[  0.0000PM: gierd nosave emy: [m 000a00-000effff]
[   0.00] PMRester nav mor [me 0000f000-x00fffff
[    0.000000] e820: [mem 0x80000000-0xfebfffff] available for PCI devices
[    0.000000] Booting paravirtualized kernel on KVM
[    0.000000] clocksource: refined-jiffies: mask: 0xffffffff max_cycles: 0xffffffff, axdl_ns: 76419600256ns
  0.0000 suppepuNRCP:5 n_cpuskits:2 _cu_s:nrnoe_ids:1
[   0.0000] ERCP: beded  pes/cu ff8807000 9954 r192 d315 u48576
[    0.00000PVqspioc hsh tlentri: 6 orde:  496 byt)[   .0000]ui 1zonestin Nodorer mobitgrouing on Total ge 5150    0000] li zone:MA
[    00000] rn comndine: OO_IGE=/otmlinuz.4-119enic rooLAL=cldi-rotfso nsoltt cnsoltt0
[   0.000] P hh table ntes 409(oer:  368bytes)
[  0.000 Mmory: 2081/20996avaibl(832 knel cod, 13K wdat 36Kroda, 08K it136Kss6284rervd,0Kmaeserved)
[  0.0000SLUBHWig==64Orr=0-3,Mibjcts=, CPUs2,Noes
   0.000 Krnelsepageabs solaonenabed[   0.000] Hiearicl RCU implentation.
[   0.0000 	uildti ajustntf leafant to 6.    0000 	RCUesictinCPUsrom _CS=51tor_cpu_ids.[  0.0000] U:djustg omtry fo r_fnout_lf=4, n_cu_is=2
[  00000] NRRQ:33024r_rqs:0 
[    00000] nse: couVG+ 805[    0.00000 conletty1enle
[   0.000] cso [tyS] abed
[    0.000000] tsc: Detected 3191.998 MHz processor
[   25.441640] Calibrating delay loop (skipped) preset value.. 6383.99 BogoMIPS (lpj=12767992)
[   25.625810] pid_max: default: 32768 minimum: 301
[   25.742201] ACPI: Core revision 20150930
[   25.867814] ACPI: 2 ACPI AML tables successfully acquired and loaded
[   26.025526] Security Framework initialized
[   26.140869] Yama: becoming mindful.
[   26.244834] AppArmor: AppArmor initialized
[   26.355745] Dentry cache hash table entries: 262144 (order: 9, 2097152 bytes)
[   26.537925] Inode-cache hash table entries: 131072 (order: 8, 1048576 bytes)
[   26.742956] Mount-cache hash table entries: 4096 (order: 3, 32768 bytes)
[   26.924922] Mountpoint-cache hash table entries: 4096 (order: 3, 32768 bytes)
[   27.126793] Initializing cgroup subsys io
[   27.247486] Initializing cgroup subsys memory
[   27.365381] Initializing cgroup subsys devices
[   27.489699] Initializing cgroup subsys freezer
[   27.599990] Initializing cgroup subsys net_cls
[   27.716922] Initializing cgroup subsys perf_event
[   27.805658] Initializing cgroup subsys net_prio
[   27.894665] Initializing cgroup subsys hugetlb
[   27.989098] Initializing cgroup subsys pids
[   28.065366] CPU: Physical Processor ID: 0
[   28.183282] CPU: Processor Core ID: 0
[   28.292204] FEATURE SPEC_CTRL Not Present
[   28.397661] mce: CPU supports 0 MCE banks
[   28.519545] Last level iTLB entries: 4KB 128, 2MB 8, 4MB 8
[   28.659780] Last level dTLB entries: 4KB 64, 2MB 0, 4MB 0, 1GB 4
[   28.825218] Spectre V2 mitigation: Mitigation: Full generic retpoline
[   29.000066] Spectre V2 mitigation: Speculation control IBPB not-supported IBRS not-supported
[   29.218746] Spectre V2 mitigation: Filling RSB on context switch
[   29.395136] Freeing SMP alternatives memory: 32K
[   29.541407] ftrace: allocating 32195 entries in 126 pages
[   29.743894] smpboot: APIC(0) Converting physical 0 to logical package 0
[   29.936614] smpboot: Max logical packages: 1
[   29.995250] x2apic enabled
[   30.061256] Switched APIC routing to physical x2apic.
[   30.201725] ..TIMER: vector=0x30 apic1=0 pin1=2 apic2=-1 pin2=-1
[   30.493466] smpboot: CPU0: Intel(R) Core(TM) i5-6500 CPU @ 3.20GHz (family: 0x6, model: 0x5e, stepping: 0x3)
[   30.776946] Performance Events: unsupported p6 CPU model 94 no PMU driver, software events only.
[   31.025001] KVM setup paravirtual spinlock
[   31.054393] x86: Booting SMP configuration:
[   31.064067] .... node  #0, CPUs:      #1
[   31.065354] kvm-clock: cpu 1, msr 0:7ffe3041, secondary cpu clock
[   31.171326] mce: CPU supports 0 MCE banks
[   31.302517] x86: Booted up 1 node, 2 CPUs
[   31.409316] smpboot: Total of 2 processors activated (12767.99 BogoMIPS)
[   31.567669] devtmpfs: initialized
[   31.648156] evm: security.selinux
[   31.707578] evm: security.SMACK64
[   31.789049] evm: security.SMACK64EXEC
[   31.881963] evm: security.SMACK64TRANSMUTE
[   31.981982] evm: security.SMACK64MMAP
[   32.070927] evm: security.ima
[   32.132988] evm: security.capability
[   32.143236] clocksource: jiffies: mask: 0xffffffff max_cycles: 0xffffffff, max_idle_ns: 7645041785100000 ns
[   32.145884] futex hash table entries: 512 (order: 3, 32768 bytes)
[   32.147796] pinctrl core: initialized pinctrl subsystem
[   32.149404] RTC time: 21:44:26, date: 04/17/18
[   32.151016] NET: Registered protocol family 16
[   32.165429] cpuidle: using governor ladder
[   32.177520] cpuidle: using governor menu
[   32.179955] PCCT header not found.
[   32.181081] ACPI: bus type PCI registered
[   32.182443] acpiphp: ACPI Hot Plug PCI Controller Driver version: 0.5
[   32.184267] PCI: Using configuration type 1 for base access
[   32.199145] ACPI: Added _OSI(Module Device)
[   32.305725] ACPI: Added _OSI(Processor Device)
[   32.423962] ACPI: Added _OSI(3.0 _SCP Extensions)
[   32.536370] ACPI: Added _OSI(Processor Aggregator Device)
[   32.668368] ACPI: Executed 1 blocks of module-level executable AML code
[   32.826528] ACPI: Interpreter enabled
[   32.928076] ACPI: (supports S0 S5)
[   33.013421] ACPI: Using IOAPIC for interrupt routing
[   33.152571] PCI: Using host bridge windows from ACPI; if necessary, use "pci=nocrs" and report a bug
[   33.240165] ACPI: PCI Root Bridge [PCI0] (domain 0000 [bus 00-ff])
[   33.241938] acpi PNP0A03:00: _OSC: OS supports [ASPM ClockPM Segments MSI]
[   33.243792] acpi PNP0A03:00: _OSC: not requesting OS control; OS requires [ExtendedConfig ASPM ClockPM MSI]
[   33.250592] acpi PNP0A03:00: fail to add MMCONFIG information, can't access extended PCI configuration space under this bridge.
[   33.256252] PCI host bridge to bus 0000:00
[   33.262113] pci_bus 0000:00: root bus resource [io  0x0000-0x0cf7 window]
[   33.267436] pci_bus 0000:00: root bus resource [io  0x0d00-0xffff window]
[   33.270645] pci_bus 0000:00: root bus resource [mem 0x000a0000-0x000bffff window]
[   33.273261] pci_bus 0000:00: root bus resource [mem 0x80000000-0xfdffffff window]
[   33.277763] pci_bus 0000:00: root bus resource [bus 00-ff]
[   33.280167] pci 0000:00:01.1: legacy IDE quirk: reg 0x10: [io  0x01f0-0x01f7]
[   33.402564] pci 0000:00:01.1: legacy IDE quirk: reg 0x14: [io  0x03f6]
[   33.545988] pci 0000:00:01.1: legacy IDE quirk: reg 0x18: [io  0x0170-0x0177]
[   33.711990] pci 0000:00:01.1: legacy IDE quirk: reg 0x1c: [io  0x0376]
[   33.863043] pci 0000:00:07.0: quirk: [io  0x4000-0x403f] claimed by PIIX4 ACPI
[   34.041112] pci 0000:00:07.0: quirk: [io  0x4100-0x410f] claimed by PIIX4 SMB
[   34.106883] ACPI: PCI Interrupt Link [LNKA] (IRQs 5 9 10 *11)
[   34.167035] ACPI: PCI Interrupt Link [LNKB] (IRQs 5 9 *10 11)
[   34.298868] ACPI: PCI Interrupt Link [LNKC] (IRQs 5 *9 10 11)
[   34.364177] ACPI: PCI Interrupt Link [LNKD] (IRQs 5 9 10 *11)
[   34.365574] ACPI: Enabled 2 GPEs in block 00 to 07
[   34.366756] vgaarb: setting as boot device: PCI:0000:00:02.0
[   34.367669] vgaarb: device added: PCI:0000:00:02.0,decodes=io+mem,owns=io+mem,locks=none
[   34.368981] vgaarb: loaded
[   34.369502] vgaarb: bridge control possible 0000:00:02.0
[   34.370616] SCSI subsystem initialized
[   34.411509] ACPI: bus type USB registered
[   34.418891] usbcore: registered new interface driver usbfs
[   34.422776] usbcore: registered new interface driver hub
[   34.424688] usbcore: registered new device driver usb
[   34.425930] PCI: Using ACPI for IRQ routing
[   34.428282] NetLabel: Initializing
[   34.466237] NetLabel:  domain hash size = 128
[   34.548919] NetLabel:  protocols = UNLABELED CIPSOv4
[   34.569309] NetLabel:  unlabeled traffic allowed by default
[   34.588475] amd_nb: Cannot enumerate AMD northbridges
[   34.589295] clocksource: Switched to clocksource kvm-clock
[   34.597842] AppArmor: AppArmor Filesystem Enabled
[   34.604159] pnp: PnP ACPI init
[   34.605483] pnp: PnP ACPI:fod  dic
[   .845] loksource:ac_p mk:xfff m_cle: xfff m_ie_: 8510 n
[ 35872] N: giered protocol family 2

[   36.170524] TCP established hash table entries: 16384 (order: 5, 131072 bytes)
[   36.262525] TCP bind hash table entries: 16384 (order: 6, 262144 bytes)
[   36.309205] TCP: Hash tables configured (established 16384 bind 16384)
[   36.311993] UDP hash table entries: 1024 (order: 3, 32768 bytes)
[   36.349575] UDP-Lite hash table entries: 1024 (order: 3, 32768 bytes)
[   36.354263] NET: Registered protocol family 1
[   36.355125] pci 0000:00:00.0: Limiting direct PCI/PCI transfers
[   36.357662] pci 0000:00:01.0: Activating ISA DMA hang workarounds
[   36.358791] Unpacking initramfs...
[   38.502147] Freeing initrd memory: 10904K
[   38.607283] platform rtc_cmos: registered platform RTC device (no PNP device found)
[   38.750090] Scanning for low memory corruption every 60 seconds
[   38.794243] audit: initializing netlink subsys (disabled)
[   38.817982] audit: type=2000 audit(1524001443.531:1): initialized
[   38.855817] Initialise system trusted keyring
[   38.890225] HugeTLB registered 2 MB page size, pre-allocated 0 pages
[   38.991393] zbud: loaded
[   .047] S:Di qot dot.6
   9.853]VFS: Dquot-cachhah tbl eries: 512 (order 0,4096 bes
[ 401477 tc:Reind C loksur cliraon:312.5 Hz
[  0.2747 cocoue:scma: xfffffffffffma_cle 0e05f49maid_n 4795223 n
ÿ[ 49275 sass:eron.020/031PhliLohe

[   40.927958] fuse init (API version 7.23)
[   40.928046] Key type big_key registered
[   40.928059] Allocating IMA MOK and blacklist keyrings.
[   40.928222] Key type asymmetric registered
[   40.928227] Asymmetric key parser 'x509' registered
[   40.928253] Block layer SCSI generic (bsg) driver version 0.4 loaded (major 249)
[   40.928274] io scheduler noop registered
[   40.928276] io scheduler deadline registered (default)
[   40.928299] io scheduler cfq registered
[   40.928593] pci_hotplug: PCI Hot Plug PCI Core version: 0.5
[   40.928598] pciehp: PCI Express Hot Plug Controller Driver version: 0.4
[   40.928908] ACPI: AC Adapter [AC] (on-line)
[   40.928965] input: Power Button as /devices/LNXSYSTM:00/LNXPWRBN:00/input/input0
[   40.928968] ACPI: Power Button [PWRF]
[   40.929039] input: Sleep Button as /devices/LNXSYSTM:00/LNXSLPBN:00/input/input1
[   40.929040] ACPI: Sleep Button [SLPF]
[   40.929167] GHES: HEST is not enabled!
[   40.929245] Serial: 8250/16550 driver, 32 ports, IRQ sharing enabled
[   42.160112] 00:02: ttyS0 at I/O 0x3f8 (irq = 4, base_baud = 115200) is a 16550A
[   42.887396] Linux agpgart interface v0.103
[   43.034032] loop: module loaded
[   43.034512] scsi host0: ata_piix
[   43.034557] scsi host1: ata_piix
[   43.034580] ata1: PATA max UDMA/33 cmd 0x1f0 ctl 0x3f6 bmdma 0xd000 irq 14
[   43.034581] ata2: PATA max UDMA/33 cmd 0x170 ctl 0x376 bmdma 0xd008 irq 15
[   43.034640] libphy: Fixed MDIO Bus: probed
[   43.034642] tun: Universal TUN/TAP device driver, 1.6
[   43.034642] tun: (C) 1999-2004 Max Krasnyansky <maxk@qualcomm.com>
[   43.034933] PPP generic driver version 2.4.2
[   43.034990] ehci_hcd: USB 2.0 'Enhanced' Host Controller (EHCI) Driver
[   43.034993] ehci-pci: EHCI PCI platform driver
[   43.035007] ehci-platform: EHCI generic platform driver
[   43.035014] ohci_hcd: USB 1.1 'Open' Host Controller (OHCI) Driver
[   43.035016] ohci-pci: OHCI PCI platform driver
[   43.035023] ohci-platform: OHCI generic platform driver
[   43.035028] uhci_hcd: USB Universal Host Controller Interface driver
[   43.035072] i8042: PNP: PS/2 Controller [PNP0303:PS2K,PNP0f03:PS2M] at 0x60,0x64 irq 1,12
[   43.062641] serio: i8042 KBD port at 0x60,0x64 irq 1
[   43.062647] serio: i8042 AUX port at 0x60,0x64 irq 12
[   43.062794] mousedev: PS/2 mouse device common for all mice
[   43.063143] rtc_cmos rtc_cmos: rtc core: registered rtc_cmos as rtc0
[   43.063191] rtc_cmos rtc_cmos: alarms up to one day, 114 bytes nvram
[   43.063198] i2c /dev entries driver
[   43.063261] device-mapper: uevent: version 1.0.3
[   43.063379] device-mapper: ioctl: 4.34.0-ioctl (2015-10-28) initialised: dm-devel@redhat.com
[   43.063399] ledtrig-cpu: registered to indicate activity on CPUs
[   43.063691] NET: Registered protocol family 10
[   43.063824] NET: Registered protocol family 17
[   43.063831] Key type dns_resolver registered
[   43.064035] registered taskstats version 1
[   43.064048] Loading compiled-in X.509 certificates
[   43.064607] Loaded X.509 cert 'Build time autogenerated kernel key: f854e06633b5f496ced5b2e02c7b14f761b69302'
[   43.064620] zswap: loaded using pool lzo/zbud
[   43.066314] Key type trusted registered
[   43.069719] Key type encrypted registered
[   43.069723] AppArmor: AppArmor sha1 policy hashing enabled
[   43.069726] ima: No TPM chip found, activating TPM-bypass!
[   43.069743] evm: HMAC attrs: 0x1
[   43.069972]   Magic number: 14:178:753
[   43.069996] tty ttyS4: hash matches
[   43.081536] rtc_cmos rtc_cmos: setting system clock to 2018-04-17 21:44:37 UTC (1524001477)
[   43.081656] BIOS EDD facility v0.16 2004-Jun-25, 0 devices found
[   43.081656] EDD information not available.
[   43.212754] input: AT Translated Set 2 keyboard as /devices/platform/i8042/serio0/input/input2
[   45.791129] Freeing unused kernel memory: 1508K
[   45.861039] Write protecting the kernel read-only data: 14336k
[   45.914188] Freeing unused kernel memory: 1696K
[   46.066052] Freeing unused kernel memory: 100K
Loading, please [   46.282938] random: systemd-udevd: uninitialized urandom read (16 bytes read, 7 bits of entropy available)
wait...
startin[   46.283531] random: udevadm: uninitialized urandom read (16 bytes read, 7 bits of entropy available)
g version 229
[   46.283569] random: udevadm: uninitialized urandom read (16 bytes read, 7 bits of entropy available)
[   46.293133] random: udevadm: uninitialized urandom read (16 bytes read, 7 bits of entropy available)
[   46.293176] random: udevadm: uninitialized urandom read (16 bytes read, 7 bits of entropy available)
[   46.293380] random: udevadm: uninitialized urandom read (16 bytes read, 7 bits of entropy available)
[   46.293452] random: udevadm: uninitialized urandom read (16 bytes read, 7 bits of entropy available)
[   46.293510] random: udevadm: uninitialized urandom read (16 bytes read, 7 bits of entropy available)
[   46.293566] random: udevadm: uninitialized urandom read (16 bytes read, 7 bits of entropy available)
[   46.293621] random: udevadm: uninitialized urandom read (16 bytes read, 7 bits of entropy available)
[   46.578459] e1000: Intel(R) PRO/1000 Network Driver - version 7.3.21-k8-NAPI
[   46.744441] e1000: Copyright (c) 1999-2006 Intel Corporation.
[   46.932580] Fusion MPT base driver 3.04.20
[   47.084197] Copyright (c) 1999-2008 LSI Corporation
[   47.267992] AVX2 version of gcm_enc/dec engaged.
[   47.415171] AES CTR mode by8 optimization enabled
[   47.579088] Fusion MPT SPI Host driver 3.04.20
[   47.830473] input: ImExPS/2 Generic Explorer Mouse as /devices/platform/i8042/serio1/input/input4
[   47.953053] e1000 0000:00:03.0 eth0: (PCI:33MHz:32-bit) 02:39:99:10:d1:5e
[   48.003715] e1000 0000:00:03.0 eth0: Intel(R) PRO/1000 Network Connection
[   48.067195] mptbase: ioc0: Initiating bringup
[   48.114860] e1000 0000:00:03.0 enp0s3: renamed from eth0
[   48.205504] ioc0: LSI53C1030 A0: Capabilities={Initiator}
[   49.896317] scsi host2: ioc0: LSI53C1030 A0, FwRev=00000000h, Ports=1, MaxQ=256, IRQ=20
[   50.297341] floppy0: no floppy controllers found
[   50.334326] scsi 2:0:0:0: Direct-Access     VBOX     HARDDISK         1.0  PQ: 0 ANSI: 5
[   50.360182] scsi target2:0:0: Beginning Domain Validation
[   50.374374] scsi target2:0:0: Domain Validation skipping write tests
[   50.386462] scsi target2:0:0: Ending Domain Validation
[   50.422064] scsi target2:0:0: asynchronous
[   50.438264] scsi 2:0:1:0: Direct-Access     VBOX     HARDDISK         1.0  PQ: 0 ANSI: 5
[   50.484036] scsi target2:0:1: Beginning Domain Validation
[   50.503673] scsi target2:0:1: Domain Validation skipping write tests
[   50.513224] scsi target2:0:1: Ending Domain Validation
[   50.514220] scsi target2:0:1: asynchronous
[   50.536461] sd 2:0:0:0: Attached scsi generic sg0 type 0
[   50.546470] sd 2:0:0:0: [sda] 20971520 512-byte logical blocks: (10.7 GB/10.0 GiB)
[   50.546632] sd 2:0:0:0: [sda] Write Protect is off
[   50.546736] sd 2:0:0:0: [sda] Incomplete mode parameter data
[   50.546737] sd 2:0:0:0: [sda] Assuming drive cache: write through
[   50.558285]  sda: sda1
[   50.558874] sd 2:0:0:0: [sda] Attached SCSI disk
[   50.776382] sd 2:0:1:0: Attached scsi generic sg1 type 0
[   50.776545] sd 2:0:1:0: [sdb] 20480 512-byte logical blocks: (10.5 MB/10.0 MiB)
[   50.776655] sd 2:0:1:0: [sdb] Write Protect is off
[   50.776732] sd 2:0:1:0: [sdb] Incomplete mode parameter data
[   50.776733] sd 2:0:1:0: [sdb] Assuming drive cache: write through
[   50.778578] sd 2:0:1:0: [sdb] Attached SCSI disk
Begin: Loading e[   52.171118] md: linear personality registered for level -1
ssential drivers ... [   52.310710] md: multipath personality registered for level -4
[   52.386996] md: raid0 personality registered for level 0
[   52.422471] md: raid1 personality registered for level 1
[   52.533440] raid6: sse2x1   gen() 10292 MB/s
[   52.625393] raid6: sse2x1   xor()  7119 MB/s
[   52.717373] raid6: sse2x2   gen() 14118 MB/s
[   52.889305] raid6: sse2x2   xor() 10021 MB/s
[   53.069375] raid6: sse2x4   gen() 15847 MB/s
[   53.245550] raid6: sse2x4   xor() 11478 MB/s
[   53.429818] raid6: avx2x1   gen() 15228 MB/s
[   53.593522] raid6: avx2x2   gen() 27324 MB/s
[   53.765383] raid6: avx2x4   gen() 29265 MB/s
[   53.892851] raid6: using algorithm avx2x4 gen() 29265 MB/s
[   54.050497] raid6: using avx2x2 recovery algorithm
[   54.177521] xor: automatically using best checksumming function:
[   54.345758]    avx       : 32675.000 MB/sec
[   54.464535] async_tx: api initialized (async)
[   54.481673] md: raid6 personality registered for level 6
[   54.486095] md: raid5 personality registered for level 5
[   54.501135] md: raid4 personality registered for level 4
[   54.510910] md: raid10 personality registered for level 10
done.
Begin: Running /scripts/init-p[   54.769648] Btrfs loaded
remount ... done.
Begin: Mounting root file sys[   54.879475] EXT4-fs (sda1): mounted filesystem with ordered data mode. Opts: (null)
tem ... Begin: Running /scripts/local-top ... done.
Begin: Running /scripts/local-premount ... Scanning for Btrfs filesystems
done.
Warning: fsck not present, so skipping root file system
done.
Begin: Running /scripts/local-bottom ... done.
Begin: Running /scripts/init-bottom ... done.
[   54.993337] systemd[1]: systemd 229 running in system mode. (+PAM +AUDIT +SELINUX +IMA +APPARMOR +SMACK +SYSVINIT +UTMP +LIBCRYPTSETUP +GCRYPT +GNUTLS +ACL +XZ -LZ4 +SECCOMP +BLKID +ELFUTILS +KMOD -IDN)
[   55.396869] systemd[1]: Detected virtualization oracle.
[   55.522130] systemd[1]: Detected architecture x86-64.

Welcome to [1mUbuntu 16.04.4 LTS[0m!

[   55.595616] systemd[1]: Set hostname to <ubuntu>.
[   55.599339] systemd[1]: Initializing machine ID from random generator.
[   55.603228] systemd[1]: Installed transient /etc/machine-id file.
[   55.702676] systemd[1]: Set up automount Arbitrary Executable File Formats File System Automount Point.
[[0;32m  OK  [0m] Set up automount Arbitrary Executab...ats File System Automount Point.
[ 56498]ysmd]:istening on udev Cntoloct.
[[0;32m  OK  [0m] Listening on udev Control Socket.
[  566215] syste[1]Crtesle System Slice.
[[0;32m  OK  [0m] Created slice System Slice.
[ 57373]ysmd1]: sting o L2 lldaem ske
[[0;32m  OK  [0m] Listening on LVM2 poll daemon socket.
[   .733 ste[1]: Liseng  L2 taata daonsocket

[[0;32m  OK  [0m] Listening on LVM2 metadata daemon socket.
[ 58936]ysmd]:Listeningonn udev Krnel Socket.

[[0;32m  OK  [0m] Listening on udev Kernel Socket.
[   58.870743] systemd[1]: Created slice system-serial\x2dgetty.slice.
[[0;32m  OK  [0m] Created slice system-serial\x2dgetty.slice.
[ 581033]ysmd]:reedli Uer and Sessonli.
[   59.544790] random: nonblocking pool is initialized
[[0;32m  OK  [0m] Created slice User and Session Slice.
[   9.749738syem1] Lsteng  Slog Socket.

[[0;32m  OK  [0m] Listening on Syslog Socket.
[   60.178131] systemd[1]: Started Trigger resolvconf update for networkd DNS.
[[0;32m  OK  [0m] Started Trigger resolvconf update for networkd DNS.
[   60.189903] systemd[1]: Listening on Device-mapper event daemon FIFOs.
[[0;32m  OK  [0m] Listening on Device-mapper event daemon FIFOs.
[   60.194664] systemd[1]: Listening on Journal Socket.
[[0;32m  OK  [0m] Listening on Journal Socket.
[   60.366131] systemd[1]: Starting Nameserver information manager...
         Starting Nameserver information manager...
[   60.781857] systemd[1]: Starting Remount Root and Kernel File Systems...
[   60.814525] EXT4-fs (sda1): re-mounted. Opts: (null)
         Starting Remount Root and Kernel File Systems...
[   60.833163] systemd[1]: Mounting POSIX Message Queue File System...
         Mounting POSIX Message Queue File System...
[   60.854541] systemd[1]: Mounting Huge Pages File System...
         Mounting Huge Pages File System...
[   60.871732] systemd[1]: Mounting Debug File System...
         Mounting Debug File System...
[   61.045782] systemd[1]: Starting Create list of required static device nodes for the current kernel...
         Starting Create list of required st... nodes for the current kernel...
[   61.059257] systemd[1]: Reached target Swap.
[[0;32m  OK  [0m] Reached target Swap.
[   61.061926] systemd[1]: Starting Uncomplicated firewall...
         Starting Uncomplicated firewall...
[ 61552]ysmd]:Listing on JoualSock (evog
[[0;32m  OK  [0m] Listening on Journal Socket (/dev/log).
[ 61530]sysem1]Reached target Encrypted Volumes.

[[0;32m  OK  [0m] Reached target Encrypted Volumes.
[   62938] systemd[1]: Reached targeSyem TimSyhroned

[[0;32m  OK  [0m] Reached target System Time Synchronized.
[   62.741] std[: Litengn url Aitoct.
[[0;32m  OK  [0m] Listening on Journal Audit Socket.
[   63.493827] systemd[1]: Starting Journal Service...
         Starting Journal Service...
[   63.645742] systemd[1]: Listening on /dev/initctl Compatibility Named Pipe.
[[0;32m  OK  [0m] Listening on /dev/initctl Compatibility Named Pipe.
[ 6337823] sted[1]: ard rwd asorRees tWa Directory Watch.
[[0;32m  OK  [0m] Started Forward Password Requests to Wall Directory Watch.
[   64.770095] systemd[1]: Starting Monitoring of LVM2 mirrors, snapshots etc. using dmeventd or progress polling...
         Starting Monitoring of LVM2 mirrors... dmeventd or progress polling...
[   65.177800] systemd[1]: Starting Load Kernel Modules...
         [   65.330115] Loading iSCSI transport class v2.0-870.
Starting Load Ke[   65.394181] iscsi: registered transport (tcp)
rnel Modules...
[   65.455605] systemd[1]: Reached target User and Group Name Lookups.
[[0;32m  OK  [0[   65.631490] iscsi: registered transport (iser)
m] Reached target User and Group Name Lookups.
[ 659498] std[: ache tart ices
[[0;32m  OK  [0m] Reached target Slices.
[   66.477698] systemd[1]: Starting Set console keymap...
         Starting Set console keymap...
[   66.531386] systemd[1]: Mounted Debug File System.
[[0;32m  OK  [0m] Mounted Debug File System.
[  66529] systemd[1]: Mntd POSIX MessagQue File st.
[[0;32m  OK  [0m] Mounted POSIX Message Queue File System.
[ 67015]ysmd]:oueduge Pas leysm.
[[0;32m  OK  [0m] Mounted Huge Pages File System.
[ 670910] std[: ard url rve.
[[0;32m  OK  [0m] Started Journal Service.
[[0;32m  OK  [0m] Started Remount Root and Kernel File Systems.
[[0;32m  OK  [0m] Started Create list of required sta...ce nodes for the current kernel.
[[0;32m  OK  [0m] Started Uncomplicated firewall.
[[0;32m  OK  [0m] Started Load Kernel Modules.
[[0;32m  OK  [0m] Started Set console keymap.
[[0;32m  OK  [0m] Started Nameserver information manager.
[[0;32m  OK  [0m] Started LVM2 metadata daemon.
         Mounting FUSE Control File System...
         Starting Apply Kernel Variables...
         Starting Create Static Device Nodes in /dev...
         Starting udev Coldplug all Devices...
         Starting Initial cloud-init job (pre-networking)...
         Starting Load/Save Random Seed...
         Starting Flush Journal to Persistent Storage...
[[0;32m  OK  [0m] Mounted FUSE Control File System.
[[0;32m  OK  [0m] Started Apply Kernel Variables.
[[0;32m  OK  [0m] Started Create Static Device Nodes in /dev.
[[0;32m  OK  [0m] Started Load/Save Random Seed.
[[0;32m  OK  [0m] Started Monitoring of LVM2 mirrors,...ng dmeventd or progress polling.
[[0;32m  OK  [0m] Started udev Coldplug all Devices.
[[0;32m  OK  [0m] Started Flush Journal to Persistent Storage.
         Starting udev Kernel Device Manager...
[[0;32m  OK  [0m] Started udev Kernel Device Manager.
[[0;32m  OK  [0m] Started Dispatch Password Requests to Console Directory Watch.
[[0;32m  OK  [0m] Reached target Local File Systems (Pre).
[[0;32m  OK  [0m] Reached target Local File Systems.
[   36.062163] cloud-init[462]: Cloud-init v. 17.2 running 'init-local' at Tue, 17 Apr 2018 21:45:04 +0000. Up 35.81 seconds.
         Starting Create Volatile Files and Directories...
         Starting Commit a transient machine-id on disk...
         Starting Tell Plymouth To Write Out Runtime Data...
         Starting Set console font and keymap...
         Starting LSB: AppArmor initialization...
[[0;32m  OK  [0m] Started Create Volatile Files and Directories.
[[0;32m  OK  [0m] Started Commit a transient machine-id on disk.
[[0;32m  OK  [0m] Started Tell Plymouth To Write Out Runtime Data.
[[0;32m  OK  [0m] Started Initial cloud-init job (pre-networking).
[[0;32m  OK  [0m] Found device /dev/ttyS0.
[[0;32m  OK  [0m] Listening on Load/Save RF Kill Switch Status /dev/rfkill Watch.
[[0;32m  OK  [0m] Reached target Network (Pre).
         Starting Update UTMP about System Boot/Shutdown...
[[0;32m  OK  [0m] Started Set console font and keymap.
[[0;32m  OK  [0m] Started LSB: AppArmor initialization.
[[0;32m  OK  [0m] Started Update UTMP about System Boot/Shutdown.
         Starting Raise network interfaces...
[[0;32m  OK  [0m] Started ifup for enp0s3.
[[0;32m  OK  [0m] Created slice system-getty.slice.
[[0;32m  OK  [0m] Started Raise network interfaces.
         Starting Initial cloud-init job (metadata service crawler)...
[[0;32m  OK  [0m] Reached target Network.
[   40.284691] cloud-init[962]: Cloud-init v. 17.2 running 'init' at Tue, 17 Apr 2018 21:45:07 +0000. Up 39.57 seconds.
[[0;32m  OK  [0m] Started Initial cloud-init job (metadata service crawler).
[[   40.526606] cloud-init[962]: ci-info: +++++++++++++++++++++++++++++++++++++Net device info++++++++++++++++++++++++++++++++++++++
[0;32m  OK  [0m] Reached target Cloud-config availability.
[   40.594404] cloud-init[962]: ci-info: +--------+------+----------------------------+---------------+-------+-------------------+
[   40.772286] cloud-init[962]: ci-info: | Device |  Up  |          Address           |      Mask     | Scope |     Hw-Address    |
[   40.772665] cloud-init[962]: ci-info: +--------+------+----------------------------+---------------+-------+-------------------+
[[0;32m  OK  [0m] Reached target Network is Online.
[   40.772782] cloud-init[962]: ci-info: | enp0s3 | True |         10.0.2.15          | 255.255.255.0 |   .   | 02:39:99:10:d1:5e |
[   40.986178] cloud-init[962]: ci-info: | enp0s3 | True | fe80::39:99ff:fe10:d15e/64 |       .       |  link | 02:39:99:10:d1:5e |
[   41.036322] cloud-init[962]: ci-info: |   lo   | True |         127.0.0.1          |   255.0.0.0   |   .   |         .         |
[   41.036630] cloud-init[962]: ci-info: |   lo   | True |          ::1/128           |       .       |  host |         .         |
         Starting iSCSI initiator daemon (iscsid)...
[[   41.036741] cloud-init[962]: ci-info: +--------+------+----------------------------+---------------+-------+-------------------+
[   41.316766] cloud-init[962]: ci-info: +++++++++++++++++++++++++++Route IPv4 info++++++++++++++++++++++++++++
[0;32m  OK  [0m] Reached target System Initialization.
[[   41.316838] cloud-init[962]: ci-info: +-------+-------------+----------+---------------+-----------+-------+
[   41.564750] cloud-init[962]: ci-info: | Route | Destination | Gateway  |    Genmask    | Interface | Flags |
[0;32m  OK  [0m] Listening on D-Bus System Message Bus Socket.
[[   41.564826] cloud-init[962]: ci-info: +-------+-------------+----------+---------------+-----------+-------+
[   41.809786] cloud-init[962]: ci-info: |   0   |   0.0.0.0   | 10.0.2.2 |    0.0.0.0    |   enp0s3  |   UG  |
[0;32m  OK  [0m] Listening on UUID daemon activation socket.
[[   41.809906] cloud-init[962]: ci-info: |   1   |   10.0.2.0  | 0.0.0.0  | 255.255.255.0 |   enp0s3  |   U   |
[   42.018923] cloud-init[962]: ci-info: +-------+-------------+----------+---------------+-----------+-------+
[0;32m  OK  [0m] Listening on ACPID Listen Socket.
[   42.019336] cloud-init[962]: Generating public/private rsa key pair.
[   42.276350] cloud-init[962]: Your identification has been saved in /etc/ssh/ssh_host_rsa_key.
[   42.276623] cloud-init[962]: Your public key has been saved in /etc/ssh/ssh_host_rsa_key.pub.
[[0;32m  OK  [0m] Started ACPI Events Check.
[[   42.276734] cloud-init[962]: The key fingerprint is:
[   42.458497] cloud-init[962]: SHA256:wBNAgd9XZcvm/rlD3Cs/RtveRPYQjjE4T5e6DP92rLY root@ubuntu-xenial
[0;32m  OK  [0m] Reached target Paths.
[   42.458569] cloud-init[962]: The key's randomart image is:
[[   42.476328] cloud-init[962]: +---[RSA 2048]----+
[   42.476412] cloud-init[962]: |   o+o.    .o    |
[0;32m  OK  [0m] Started Daily apt download activities.
[   42.476714] cloud-init[962]: |  .  . .  .+ . . |
[   42.640286] cloud-init[962]: |   . .+  .o B +  |
[   42.640522] cloud-init[962]: |    . .o.  * B . |
[[0;32m  OK  [0m] Started Timer to automatically refresh installed snaps.
[[   42.640642] cloud-init[962]: |       .S . =.o.o|
[   42.785207] cloud-init[962]: |           = .o=o|
[0;32m  OK  [0m] Started Daily Cleanup of Temporary Directories.
[   42.785291] cloud-init[962]: |            =...*|
[   42.888360] cloud-init[962]: |             ++B=|
[   42.888628] cloud-init[962]: |             oEO+|
         Starting LXD - unix socket.
         Starting Socket activation for snappy daemon.
[   42.888735] cloud-init[962]: +----[SHA256]-----+
[   43.040561] cloud-init[962]: Generating public/private dsa key pair.
[   43.040806] cloud-init[962]: Your identification has been saved in /etc/ssh/ssh_host_dsa_key.
[[0;32m  OK  [0m] Started Daily apt upgrade and clean activities.
[   43.040933] cloud-init[962]: Your public key has been saved in /etc/ssh/ssh_host_dsa_key.pub.
[   43.139074] cloud-init[962]: The key fingerprint is:
[[0;32m  OK  [0m] Reached target Timers.
[   43.139163] cloud-init[962]: SHA256:ZWXJi7F7ZgRpxA4gghVj/teQN6k6ocM/kO1gZ2IzAJw root@ubuntu-xenial
[   43.248304] cloud-init[962]: The key's randomart image is:
[   43.248595] cloud-init[962]: +---[DSA 1024]----+
[[0;32m  OK  [0m] Listening on LXD - unix socket.
[[   43.248705] cloud-init[962]: |.oB.. .. o.oo.   |
[   43.385311] cloud-init[962]: |oE o . ...*oo    |
[   43.385572] cloud-init[962]: |. .   o ++o= .   |
[   43.385697] cloud-init[962]: |.  .   = ++ o    |
[   43.385861] cloud-init[962]: | . oo o S  o     |
[0;32m  OK  [0m] Listening on Socket activation for snappy daemon.
[[   43.386183] cloud-init[962]: | .X.++    . +    |
[   43.532795] cloud-init[962]: | o+Xo      +     |
[0;32m  OK  [0m] Started iSCSI initiator daemon (iscsid).
[   43.532917] cloud-init[962]: |   oo.           |
[   43.720333] cloud-init[962]: |    ..           |
[   43.720586] cloud-init[962]: +----[SHA256]-----+
         Starting Login to default iSCSI targets...
[[   43.720692] cloud-init[962]: Generating public/private ecdsa key pair.
[   43.751136] cloud-init[962]: Your identification has been saved in /etc/ssh/ssh_host_ecdsa_key.
[   43.751384] cloud-init[962]: Your public key has been saved in /etc/ssh/ssh_host_ecdsa_key.pub.
[   43.751555] cloud-init[962]: The key fingerprint is:
[   43.751703] cloud-init[962]: SHA256:yw3UI22VgADHkeAH5r1dlkQzVAKgmeCyKFmr/SozX7k root@ubuntu-xenial
[0;32m  OK  [0m] Reached target Sockets.
[   43.751814] cloud-init[962]: The key's randomart image is:
[   44.152383] cloud-init[962]: +---[ECDSA 256]---+
[   44.152714] cloud-init[962]: |  . =+==.=Ooo.   |
[[0;32m  OK  [0m] Reached target Basic System.
[   44.152804] cloud-init[962]: | . = Bo .+ *.    |
[   44.244115] cloud-init[962]: |. o * o o O      |
[   44.244353] cloud-init[962]: |.= . . + = .     |
[[0;32m  OK  [0m] Started Regular background program processing daemon.
[[   44.244473] cloud-init[962]: |= .   . S        |
[   44.397382] cloud-init[962]: |.o   . . +       |
[0;32m  OK  [0m] Started Unattended Upgrades Shutdown.
[   44.397481] cloud-init[962]: |. . o   o .      |
[   44.540334] cloud-init[962]: |+  o .           |
[   44.540640] cloud-init[962]: | =o.E            |
         Starting Snappy daemon...
[   44.540784] cloud-init[962]: +----[SHA256]-----+
[   44.646096] cloud-init[962]: Generating public/private ed25519 key pair.
[   44.647308] cloud-init[962]: Your identification has been saved in /etc/ssh/ssh_host_ed25519_key.
[   44.704381] cloud-init[962]: Your public key has been saved in /etc/ssh/ssh_host_ed25519_key.pub.
[   44.704669] cloud-init[962]: The key fingerprint is:
         Starting Accounts Service...
[   44.704777] cloud-init[962]: SHA256:mEI9INFvJJ1DVAxdOEGPUBX+mDW5vgKZB8/OcVHqg1A root@ubuntu-xenial
[   44.976324] cloud-init[962]: The key's randomart image is:
[   44.976615] cloud-init[962]: +--[ED25519 256]--+
         Starting Pollinate to seed the pseudo random number generator...
[   44.976749] cloud-init[962]: |  oo.+=O==+.     |
[   45.168304] cloud-init[962]: |   .oo=.=+E  ..  |
[   45.168598] cloud-init[962]: |    .+o..oo +o   |
[[0;32m  OK  [0m] Started ACPI event daemon.
[   45.168707] cloud-init[962]: |   .  o+o  =oo   |
[   45.284285] cloud-init[962]: |    ..o SBooo.   |
[   45.284541] cloud-init[962]: |     .  + *.+    |
         Starting System Logging Service...
[   45.284656] cloud-init[962]: |         = o..   |
[   45.320604] cloud-init[962]: |          +  .   |
         Starting Login Service...
[   45.321172] cloud-init[962]: |           ..    |
[   45.388356] cloud-init[962]: +----[SHA256]-----+
[[0;32m  OK  [0m] Started D-Bus System Message Bus.
         Starting LXD - container startup/shutdown...
[[0;32m  OK  [0m] Started FUSE filesystem for LXC.
[[0;32m  OK  [0m] Started Deferred execution scheduler.
         Starting Apply the settings specified in cloud-config...
         Starting /etc/rc.local Compatibility...
         Starting Virtualbox guest utils...
         Starting LSB: MD monitoring daemon...
         Starting LSB: Record successful boot for GRUB...
[[0;32m  OK  [0m] Started Snappy daemon.
[[0;32m  OK  [0m] Started System Logging Service.
[[0;32m  OK  [0m] Started LXD - container startup/shutdown.
[[0;32m  OK  [0m] Started /etc/rc.local Compatibility.
[[0;32m  OK  [0m] Started Login to default iSCSI targets.
[[0;32m  OK  [0m] Started Pollinate to seed the pseudo random number generator.
[[0;32m  OK  [0m] Started Login Service.
         Starting Authenticate and Authorize Users to Run Privileged Tasks...
         Starting OpenBSD Secure Shell server...
[[0;32m  OK  [0m] Reached target Remote File Systems (Pre).
[[0;32m  OK  [0m] Reached target Remote File Systems.
         Starting Permit User Sessions...
         Starting LSB: automatic crash report generation...
         Starting LSB: Set the CPU Frequency Scaling governor to "ondemand"...
         Starting LSB: daemon to balance interrupts for SMP systems...
[[0;32m  OK  [0m] Started OpenBSD Secure Shell server.
[   46.207686] cloud-init[1143]: Generating locales (this might take a while)...
[[0;32m  OK  [0m] Started Virtualbox guest utils.
[[0;32m  OK  [0m] Started LSB: MD monitoring daemon.
[[0;32m  OK  [0m] Started LSB: Record successful boot for GRUB.
[[0;32m  OK  [0m] Started Permit User Sessions.
[[0;32m  OK  [0m] Started Authenticate and Authorize Users to Run Privileged Tasks.
[[0;32m  OK  [0m] Started Accounts Service.
[[0;32m  OK  [0m] Created slice User Slice of vagrant.
[[0;32m  OK  [0m] Started Session 1 of user vagrant.
         Starting User Manager for UID 1000...
         Starting Hold until boot process finishes up...
[   46.891466] cloud-init[1143]:   en_US.UTF-8... done
[   46.996691] cloud-init[1143]: Generation complete.
         Starting Terminate Plymouth Boot Screen...
[[0;32m  OK  [0m] Started User Manager for UID 1000.
[[0;32m  OK  [0m] Started LSB: automatic crash report generation.
[[0;32m  OK  [0m] Started LSB: Set the CPU Frequency Scaling governor to "ondemand".
[[0;32m  OK  [0m] Started LSB: daemon to balance interrupts for SMP systems.
[   47.182998] cloud-init[1143]: Cloud-init v. 17.2 running 'modules:config' at Tue, 17 Apr 2018 21:45:14 +0000. Up 46.07 seconds.
[[0;32m  OK  [0m] Started Hold until boot process finishes up.
[[0;32m  OK  [0m] Started Apply the settings specified in cloud-config.
[[0;32m  OK  [0m] Started Terminate Plymouth Boot Screen.
[[0;32m  OK  [0m] Started Serial Getty on ttyS0.
[[0;32m  OK  [0m] Started Getty on tty1.
[[0;32m  OK  [0m] Reached target Login Prompts.
         Starting Set console scheme...
[[0;32m  OK  [0m] Reached target Multi-User System.
[[0;32m  OK  [0m] Reached target Graphical Interface.
         Starting Execute cloud user/final scripts...
         Starting Update UTMP about System Runlevel Changes...
[[0;32m  OK  [0m] Started Set console scheme.
[[0;32m  OK  [0m] Started Update UTMP about System Runlevel Changes.
ci-info: no authorized ssh keys fingerprints found for user ubuntu.
<14>Apr 17 21:45:16 ec2: 
<14>Apr 17 21:45:16 ec2: #############################################################
<14>Apr 17 21:45:16 ec2: -----BEGIN SSH HOST KEY FINGERPRINTS-----
<14>Apr 17 21:45:16 ec2: 1024 SHA256:ZWXJi7F7ZgRpxA4gghVj/teQN6k6ocM/kO1gZ2IzAJw root@ubuntu-xenial (DSA)
<14>Apr 17 21:45:16 ec2: 256 SHA256:yw3UI22VgADHkeAH5r1dlkQzVAKgmeCyKFmr/SozX7k root@ubuntu-xenial (ECDSA)
<14>Apr 17 21:45:16 ec2: 256 SHA256:mEI9INFvJJ1DVAxdOEGPUBX+mDW5vgKZB8/OcVHqg1A root@ubuntu-xenial (ED25519)
<14>Apr 17 21:45:16 ec2: 2048 SHA256:wBNAgd9XZcvm/rlD3Cs/RtveRPYQjjE4T5e6DP92rLY root@ubuntu-xenial (RSA)
<14>Apr 17 21:45:16 ec2: -----END SSH HOST KEY FINGERPRINTS-----
<14>Apr 17 21:45:16 ec2: #############################################################
-----BEGIN SSH HOST KEY KEYS-----
ecdsa-sha2-nistp256 AAAAE2VjZHNhLXNoYTItbmlzdHAyNTYAAAAIbmlzdHAyNTYAAABBBIcIkEp7WQzQ5KuTzmprxmarb49y/cbNRLRcXYdmX/9lZw5MxaVcurG9BQoCg7sRsKHAphD538e7JE/Nuo2A1WE= root@ubuntu-xenial
ssh-ed25519 AAAAC3NzaC1lZDI1NTE5AAAAIFePSh8Vyya5TTo7+v63oX4VPDV9pNNxiYCtwIurOwAd root@ubuntu-xenial
ssh-rsa AAAAB3NzaC1yc2EAAAADAQABAAABAQDBfKwJkh5jKbsrBx5OdlxKrku4UDAdUncXUqtetsjhNuS+lJF7f+xGO12UhMesxoMtpy1PPcjVeT/V8XSKWQ6Kq3vIhuCk2Alosz0Ai/MgHght18DUQtYQ3w0F/IzF9BeSxM8X4iGmHNu9ZCeKNU5MZJ3vV9L78ok2LwBozPn2xVrJch764Jr1URZ4pATjKROP1/6+tuBatUimuB37Athtv338HYhm40anq4bFvRHJPXL8WyH+j2AgknHKr8S8PiLjTRHqQClGMdAWtB9LUd/c+xC1UcSZNaVi5n4rB2Iwx87QGxPUxwrxHHbjry2oycoJABU53LH7j0meFrTTG/Jp root@ubuntu-xenial
-----END SSH HOST KEY KEYS-----
         Stopping User Manager for UID 1000...
[[0;32m  OK  [0m] Stopped User Manager for UID 1000.
[   49.192481] cloud-init[1320]: Cloud-init v. 17.2 running 'modules:final' at Tue, 17 Apr 2018 21:45:16 +0000. Up 48.02 seconds.
[   49.259176] [[0;32m  OK  [0m] Started Execute cloud user/final scripts.
cloud-init[1320]: ci-info: no authorized ssh keys fingerprints found for user ubuntu.
[   49.352354] [cloud-init[0;32m  OK  [0m[1320]: ] Cloud-init v. 17.2 finished at Tue, 17 Apr 2018 21:45:17 +0000. Datasource DataSourceNoCloud [seed=/dev/sdb][dsmode=net].  Up 49.18 secondsRemoved slice User Slice of vagrant.

[[0;32m  OK  [0m] Reached target Cloud-init target.

Ubuntu 16.04.4 LTS ubuntu-xenial ttyS0

ubuntu-xenial login: 